{"/Users/eivind.ingebrigtsen/git/npm/flattenJsonObjectToKeyValues/src/flattenJson.ts": {"path":"/Users/eivind.ingebrigtsen/git/npm/flattenJsonObjectToKeyValues/src/flattenJson.ts","all":false,"statementMap":{"7":{"start":{"line":8,"column":0},"end":{"line":8,"column":28}},"8":{"start":{"line":9,"column":0},"end":{"line":9,"column":22}},"9":{"start":{"line":10,"column":0},"end":{"line":10,"column":13}},"10":{"start":{"line":11,"column":0},"end":{"line":11,"column":20}},"11":{"start":{"line":12,"column":0},"end":{"line":12,"column":36}},"12":{"start":{"line":13,"column":0},"end":{"line":13,"column":19}},"13":{"start":{"line":14,"column":0},"end":{"line":14,"column":38}},"14":{"start":{"line":15,"column":0},"end":{"line":15,"column":24}},"15":{"start":{"line":16,"column":0},"end":{"line":16,"column":4}},"16":{"start":{"line":17,"column":0},"end":{"line":17,"column":58}},"17":{"start":{"line":18,"column":0},"end":{"line":18,"column":66}},"19":{"start":{"line":20,"column":0},"end":{"line":20,"column":69}},"20":{"start":{"line":21,"column":0},"end":{"line":21,"column":55}},"21":{"start":{"line":22,"column":0},"end":{"line":22,"column":11}},"22":{"start":{"line":23,"column":0},"end":{"line":23,"column":17}},"23":{"start":{"line":24,"column":0},"end":{"line":24,"column":17}},"24":{"start":{"line":25,"column":0},"end":{"line":25,"column":28}},"25":{"start":{"line":26,"column":0},"end":{"line":26,"column":7}},"26":{"start":{"line":27,"column":0},"end":{"line":27,"column":4}},"27":{"start":{"line":28,"column":0},"end":{"line":28,"column":3}},"28":{"start":{"line":29,"column":0},"end":{"line":29,"column":2}},"30":{"start":{"line":31,"column":0},"end":{"line":31,"column":23}},"31":{"start":{"line":32,"column":0},"end":{"line":32,"column":15}},"32":{"start":{"line":33,"column":0},"end":{"line":33,"column":1}},"34":{"start":{"line":35,"column":0},"end":{"line":35,"column":61}},"35":{"start":{"line":36,"column":0},"end":{"line":36,"column":43}},"36":{"start":{"line":37,"column":0},"end":{"line":37,"column":36}},"37":{"start":{"line":38,"column":0},"end":{"line":38,"column":22}},"38":{"start":{"line":39,"column":0},"end":{"line":39,"column":2}},"39":{"start":{"line":40,"column":0},"end":{"line":40,"column":15}},"40":{"start":{"line":41,"column":0},"end":{"line":41,"column":1}}},"s":{"7":1,"8":1,"9":1,"10":1,"11":1,"12":1,"13":4,"14":4,"15":4,"16":4,"17":5,"19":5,"20":3,"21":5,"22":2,"23":2,"24":2,"25":2,"26":2,"27":5,"28":4,"30":1,"31":1,"32":1,"34":1,"35":0,"36":0,"37":0,"38":0,"39":0,"40":0},"branchMap":{"0":{"type":"branch","line":8,"loc":{"start":{"line":8,"column":7},"end":{"line":33,"column":1}},"locations":[{"start":{"line":8,"column":7},"end":{"line":33,"column":1}}]},"1":{"type":"branch","line":13,"loc":{"start":{"line":13,"column":1},"end":{"line":29,"column":2}},"locations":[{"start":{"line":13,"column":1},"end":{"line":29,"column":2}}]},"2":{"type":"branch","line":17,"loc":{"start":{"line":17,"column":57},"end":{"line":28,"column":3}},"locations":[{"start":{"line":17,"column":57},"end":{"line":28,"column":3}}]},"3":{"type":"branch","line":18,"loc":{"start":{"line":18,"column":18},"end":{"line":18,"column":62}},"locations":[{"start":{"line":18,"column":18},"end":{"line":18,"column":62}}]},"4":{"type":"branch","line":18,"loc":{"start":{"line":18,"column":57},"end":{"line":18,"column":66}},"locations":[{"start":{"line":18,"column":57},"end":{"line":18,"column":66}}]},"5":{"type":"branch","line":20,"loc":{"start":{"line":20,"column":33},"end":{"line":20,"column":68}},"locations":[{"start":{"line":20,"column":33},"end":{"line":20,"column":68}}]},"6":{"type":"branch","line":20,"loc":{"start":{"line":20,"column":68},"end":{"line":22,"column":10}},"locations":[{"start":{"line":20,"column":68},"end":{"line":22,"column":10}}]},"7":{"type":"branch","line":22,"loc":{"start":{"line":22,"column":3},"end":{"line":27,"column":4}},"locations":[{"start":{"line":22,"column":3},"end":{"line":27,"column":4}}]}},"b":{"0":[1],"1":[4],"2":[5],"3":[4],"4":[1],"5":[3],"6":[3],"7":[2]},"fnMap":{"0":{"name":"flattenJson","decl":{"start":{"line":8,"column":7},"end":{"line":33,"column":1}},"loc":{"start":{"line":8,"column":7},"end":{"line":33,"column":1}},"line":8},"1":{"name":"_flatten","decl":{"start":{"line":13,"column":1},"end":{"line":29,"column":2}},"loc":{"start":{"line":13,"column":1},"end":{"line":29,"column":2}},"line":13},"2":{"name":"keyValueArrayToObject","decl":{"start":{"line":35,"column":7},"end":{"line":41,"column":1}},"loc":{"start":{"line":35,"column":7},"end":{"line":41,"column":1}},"line":35}},"f":{"0":1,"1":4,"2":0}}
,"/Users/eivind.ingebrigtsen/git/npm/flattenJsonObjectToKeyValues/src/index.ts": {"path":"/Users/eivind.ingebrigtsen/git/npm/flattenJsonObjectToKeyValues/src/index.ts","all":true,"statementMap":{"0":{"start":{"line":1,"column":0},"end":{"line":1,"column":8}},"5":{"start":{"line":6,"column":0},"end":{"line":6,"column":70}}},"s":{"0":0,"5":0},"branchMap":{"0":{"type":"branch","line":1,"loc":{"start":{"line":1,"column":162},"end":{"line":6,"column":70}},"locations":[{"start":{"line":1,"column":162},"end":{"line":6,"column":70}}]}},"b":{"0":[0]},"fnMap":{"0":{"name":"(empty-report)","decl":{"start":{"line":1,"column":162},"end":{"line":6,"column":70}},"loc":{"start":{"line":1,"column":162},"end":{"line":6,"column":70}},"line":1}},"f":{"0":0}}
,"/Users/eivind.ingebrigtsen/git/npm/flattenJsonObjectToKeyValues/src/unflattenJson.ts": {"path":"/Users/eivind.ingebrigtsen/git/npm/flattenJsonObjectToKeyValues/src/unflattenJson.ts","all":false,"statementMap":{"4":{"start":{"line":5,"column":0},"end":{"line":5,"column":77}},"5":{"start":{"line":6,"column":0},"end":{"line":6,"column":36}},"7":{"start":{"line":8,"column":0},"end":{"line":8,"column":54}},"8":{"start":{"line":9,"column":0},"end":{"line":9,"column":34}},"9":{"start":{"line":10,"column":0},"end":{"line":10,"column":23}},"11":{"start":{"line":12,"column":0},"end":{"line":12,"column":45}},"12":{"start":{"line":13,"column":0},"end":{"line":13,"column":23}},"13":{"start":{"line":14,"column":0},"end":{"line":14,"column":37}},"14":{"start":{"line":15,"column":0},"end":{"line":15,"column":45}},"15":{"start":{"line":16,"column":0},"end":{"line":16,"column":3}},"17":{"start":{"line":18,"column":0},"end":{"line":18,"column":41}},"18":{"start":{"line":19,"column":0},"end":{"line":19,"column":2}},"20":{"start":{"line":21,"column":0},"end":{"line":21,"column":15}},"21":{"start":{"line":22,"column":0},"end":{"line":22,"column":1}}},"s":{"4":1,"5":1,"7":1,"8":4,"9":4,"11":4,"12":5,"13":5,"14":5,"15":5,"17":4,"18":4,"20":1,"21":1},"branchMap":{"0":{"type":"branch","line":5,"loc":{"start":{"line":5,"column":7},"end":{"line":22,"column":1}},"locations":[{"start":{"line":5,"column":7},"end":{"line":22,"column":1}}]},"1":{"type":"branch","line":8,"loc":{"start":{"line":8,"column":53},"end":{"line":19,"column":2}},"locations":[{"start":{"line":8,"column":53},"end":{"line":19,"column":2}}]},"2":{"type":"branch","line":12,"loc":{"start":{"line":12,"column":44},"end":{"line":16,"column":3}},"locations":[{"start":{"line":12,"column":44},"end":{"line":16,"column":3}}]},"3":{"type":"branch","line":14,"loc":{"start":{"line":14,"column":29},"end":{"line":14,"column":37}},"locations":[{"start":{"line":14,"column":29},"end":{"line":14,"column":37}}]}},"b":{"0":[1],"1":[4],"2":[5],"3":[2]},"fnMap":{"0":{"name":"unflattenJson","decl":{"start":{"line":5,"column":7},"end":{"line":22,"column":1}},"loc":{"start":{"line":5,"column":7},"end":{"line":22,"column":1}},"line":5}},"f":{"0":1}}
}
